<?xml version="1.0" encoding="UTF-8"?>
<!-- Generated by org.testng.reporters.JUnitReportReporter -->
<testsuite hostname="DESKTOP-0P2A1TD" failures="0" tests="1" name="testNg01.SoftAssertion" time="3.518" errors="0" timestamp="2024-09-12T13:06:21 IST" skipped="0">
  <testcase classname="testNg01.SoftAssertion" name="title" time="3.518"/>
</testsuite> <!-- testNg01.SoftAssertion -->
