<?xml version="1.0" encoding="UTF-8"?>
<!-- Generated by org.testng.reporters.JUnitReportReporter -->
<testsuite hostname="DESKTOP-0P2A1TD" failures="0" tests="3" name="testNg01.KeywordTimeOut" time="0.114" errors="0" timestamp="2024-09-12T13:22:30 IST" skipped="0">
  <testcase classname="testNg01.KeywordTimeOut" name="ghi" time="0.002"/>
  <testcase classname="testNg01.KeywordTimeOut" name="abc" time="0.003"/>
  <testcase classname="testNg01.KeywordTimeOut" name="def" time="0.109"/>
</testsuite> <!-- testNg01.KeywordTimeOut -->
