<?xml version="1.0" encoding="UTF-8"?>
<!-- Generated by org.testng.reporters.JUnitReportReporter -->
<testsuite hostname="DESKTOP-0P2A1TD" failures="0" tests="1" name="testNg01.Testing02" time="0.013" errors="0" timestamp="2024-09-09T13:11:17 IST" skipped="0">
  <testcase classname="testNg01.Testing02" name="f" time="0.013"/>
</testsuite> <!-- testNg01.Testing02 -->
