<?xml version="1.0" encoding="UTF-8"?>
<!-- Generated by org.testng.reporters.JUnitReportReporter -->
<testsuite hostname="DESKTOP-0P2A1TD" failures="0" tests="5" name="testNg01.KeywordEnabled" time="0.014" errors="0" timestamp="2024-09-12T13:22:30 IST" skipped="3">
  <testcase classname="testNg01.KeywordEnabled" name="jkl" time="0.006"/>
  <testcase classname="testNg01.KeywordEnabled" name="def" time="0.008"/>
  <testcase classname="testNg01.KeywordEnabled" name="mno">
    <skipped/>
  </testcase> <!-- mno -->
  <testcase classname="testNg01.KeywordEnabled" name="abc">
    <skipped/>
  </testcase> <!-- abc -->
  <testcase classname="testNg01.KeywordEnabled" name="ghi">
    <skipped/>
  </testcase> <!-- ghi -->
</testsuite> <!-- testNg01.KeywordEnabled -->
