<?xml version="1.0" encoding="UTF-8"?>
<!-- Generated by org.testng.reporters.JUnitReportReporter -->
<testsuite hostname="DESKTOP-0P2A1TD" failures="0" tests="2" name="TestngGrouping.TetsngGrouping1" time="0.027" errors="0" timestamp="2024-09-12T14:09:01 IST" skipped="0">
  <testcase classname="TestngGrouping.TetsngGrouping1" name="logo2" time="0.011"/>
  <testcase classname="TestngGrouping.TetsngGrouping1" name="logo1" time="0.016"/>
</testsuite> <!-- TestngGrouping.TetsngGrouping1 -->
