<?xml version="1.0" encoding="UTF-8"?>
<!-- Generated by org.testng.reporters.JUnitReportReporter -->
<testsuite hostname="DESKTOP-0P2A1TD" failures="0" tests="5" name="testNg01.KeywordPriority" time="0.127" errors="0" timestamp="2024-09-12T13:22:30 IST" skipped="0">
  <testcase classname="testNg01.KeywordPriority" name="abc" time="0.031"/>
  <testcase classname="testNg01.KeywordPriority" name="def" time="0.055"/>
  <testcase classname="testNg01.KeywordPriority" name="jkl" time="0.002"/>
  <testcase classname="testNg01.KeywordPriority" name="ghi" time="0.003"/>
  <testcase classname="testNg01.KeywordPriority" name="mno" time="0.036"/>
</testsuite> <!-- testNg01.KeywordPriority -->
