<?xml version="1.0" encoding="UTF-8"?>
<!-- Generated by org.testng.reporters.JUnitReportReporter -->
<testsuite hostname="DESKTOP-0P2A1TD" failures="0" tests="2" name="testNg01.KeywordInvocationCount" time="0.022" errors="0" timestamp="2024-09-05T14:50:49 IST" skipped="0">
  <testcase classname="testNg01.KeywordInvocationCount" name="ek" time="0.004"/>
  <testcase classname="testNg01.KeywordInvocationCount" name="ek" time="0.018"/>
</testsuite> <!-- testNg01.KeywordInvocationCount -->
