<?xml version="1.0" encoding="UTF-8"?>
<!-- Generated by org.testng.reporters.JUnitReportReporter -->
<testsuite hostname="DESKTOP-0P2A1TD" failures="0" tests="1" name="api.PostBody" time="7.131" errors="0" timestamp="2024-10-10T12:27:11 IST" skipped="0">
  <testcase classname="api.PostBody" name="pojoMethod" time="7.131"/>
</testsuite> <!-- api.PostBody -->
