<?xml version="1.0" encoding="UTF-8"?>
<!-- Generated by org.testng.reporters.JUnitReportReporter -->
<testsuite hostname="DESKTOP-0P2A1TD" failures="0" tests="1" name="api.PathandQueryParameters" time="6.466" errors="0" timestamp="2024-10-10T13:02:17 IST" skipped="0">
  <testcase classname="api.PathandQueryParameters" name="getUser" time="6.466"/>
</testsuite> <!-- api.PathandQueryParameters -->
