<?xml version="1.0" encoding="UTF-8"?>
<!-- Generated by org.testng.reporters.JUnitReportReporter -->
<testsuite hostname="DESKTOP-0P2A1TD" failures="0" tests="1" name="testNg01.HardAassertion1" time="7.077" errors="0" timestamp="2024-09-12T13:30:01 IST" skipped="0">
  <testcase classname="testNg01.HardAassertion1" name="title" time="7.077"/>
</testsuite> <!-- testNg01.HardAassertion1 -->
