<?xml version="1.0" encoding="UTF-8"?>
<!-- Generated by org.testng.reporters.JUnitReportReporter -->
<testsuite hostname="DESKTOP-0P2A1TD" failures="0" tests="4" name="TestngGrouping.TestngMetaGroup" time="0.062" errors="0" timestamp="2024-09-12T14:25:08 IST" skipped="0">
  <testcase classname="TestngGrouping.TestngMetaGroup" name="logo1" time="0.027"/>
  <testcase classname="TestngGrouping.TestngMetaGroup" name="logo2" time="0.005"/>
  <testcase classname="TestngGrouping.TestngMetaGroup" name="logo3" time="0.021"/>
  <testcase classname="TestngGrouping.TestngMetaGroup" name="title" time="0.009"/>
</testsuite> <!-- TestngGrouping.TestngMetaGroup -->
